<?xml version="1.0" encoding="UTF-8"?>
<!-- Generated by org.testng.reporters.JUnitXMLReporter -->
<testsuite ignored="0" hostname="Manish-Mali" failures="1" tests="1" name="Banking App Test" time="61.392" errors="0" timestamp="2022-12-20T15:46:25 IST">
  <testcase classname="com.inetBankingV2.testCases.TC_LoginTest_001" name="loginTest" time="36.966">
    <failure type="java.lang.AssertionError" message="expected [false] but found [true]">
      <![CDATA[java.lang.AssertionError: expected [false] but found [true]
at com.inetBankingV2.testCases.TC_LoginTest_001.loginTest(TC_LoginTest_001.java:33)
at java.base/java.util.ArrayList.forEach(ArrayList.java:1511)
... Removed 31 stack frames]]>
    </failure>
  </testcase> <!-- loginTest -->
</testsuite> <!-- Banking App Test -->
